{"/Users/mt/Documents/github/bizmarq/mitsumaru-care/src/app/providers.tsx": {"path":"/Users/mt/Documents/github/bizmarq/mitsumaru-care/src/app/providers.tsx","statementMap":{"0":{"start":{"line":11,"column":24},"end":{"line":11,"column":34}},"1":{"start":{"line":9,"column":13},"end":{"line":9,"column":17}},"2":{"start":{"line":3,"column":25},"end":{"line":3,"column":null}},"3":{"start":{"line":4,"column":49},"end":{"line":4,"column":null}},"4":{"start":{"line":5,"column":30},"end":{"line":5,"column":null}},"5":{"start":{"line":6,"column":32},"end":{"line":6,"column":null}},"6":{"start":{"line":9,"column":20},"end":{"line":9,"column":null}},"7":{"start":{"line":12,"column":24},"end":{"line":12,"column":null}},"8":{"start":{"line":12,"column":39},"end":{"line":12,"column":null}},"9":{"start":{"line":13,"column":23},"end":{"line":14,"column":null}},"10":{"start":{"line":14,"column":4},"end":{"line":14,"column":null}}},"fnMap":{"0":{"name":"Providers","decl":{"start":{"line":11,"column":24},"end":{"line":11,"column":34}},"loc":{"start":{"line":11,"column":77},"end":{"line":22,"column":1}}},"1":{"name":"(anonymous_4)","decl":{"start":{"line":12,"column":33},"end":{"line":12,"column":39}},"loc":{"start":{"line":12,"column":39},"end":{"line":12,"column":null}}},"2":{"name":"(anonymous_5)","decl":{"start":{"line":13,"column":32},"end":{"line":13,"column":null}},"loc":{"start":{"line":14,"column":4},"end":{"line":14,"column":null}}}},"branchMap":{},"s":{"0":0,"1":0,"2":0,"3":0,"4":0,"5":0,"6":0,"7":0,"8":0,"9":0,"10":0},"f":{"0":0,"1":0,"2":0},"b":{}}
,"/Users/mt/Documents/github/bizmarq/mitsumaru-care/src/app/api/trpc/[trpc]/route.ts": {"path":"/Users/mt/Documents/github/bizmarq/mitsumaru-care/src/app/api/trpc/[trpc]/route.ts","statementMap":{"0":{"start":{"line":21,"column":9},"end":{"line":21,"column":20}},"1":{"start":{"line":21,"column":25},"end":{"line":21,"column":36}},"2":{"start":{"line":5,"column":13},"end":{"line":5,"column":20}},"3":{"start":{"line":1,"column":36},"end":{"line":1,"column":null}},"4":{"start":{"line":2,"column":26},"end":{"line":2,"column":null}},"5":{"start":{"line":3,"column":30},"end":{"line":3,"column":null}},"6":{"start":{"line":5,"column":23},"end":{"line":5,"column":null}},"7":{"start":{"line":7,"column":16},"end":{"line":19,"column":null}},"8":{"start":{"line":8,"column":2},"end":{"line":19,"column":null}},"9":{"start":{"line":14,"column":6},"end":{"line":17,"column":null}}},"fnMap":{"0":{"name":"(anonymous_4)","decl":{"start":{"line":7,"column":16},"end":{"line":7,"column":17}},"loc":{"start":{"line":8,"column":2},"end":{"line":19,"column":null}}},"1":{"name":"(anonymous_5)","decl":{"start":{"line":12,"column":19},"end":{"line":12,"column":null}},"loc":{"start":{"line":12,"column":19},"end":{"line":18,"column":null}}}},"branchMap":{},"s":{"0":0,"1":0,"2":0,"3":0,"4":0,"5":0,"6":0,"7":0,"8":0,"9":0},"f":{"0":0,"1":0},"b":{}}
,"/Users/mt/Documents/github/bizmarq/mitsumaru-care/src/application/usecases/project/CreateProject.ts": {"path":"/Users/mt/Documents/github/bizmarq/mitsumaru-care/src/application/usecases/project/CreateProject.ts","statementMap":{"0":{"start":{"line":13,"column":13},"end":{"line":13,"column":26}},"1":{"start":{"line":6,"column":13},"end":{"line":6,"column":32}},"2":{"start":{"line":1,"column":27},"end":{"line":1,"column":null}},"3":{"start":{"line":2,"column":21},"end":{"line":2,"column":null}},"4":{"start":{"line":4,"column":24},"end":{"line":4,"column":null}},"5":{"start":{"line":6,"column":35},"end":{"line":8,"column":null}},"6":{"start":{"line":14,"column":31},"end":{"line":14,"column":54}},"7":{"start":{"line":20,"column":4},"end":{"line":20,"column":null}},"8":{"start":{"line":20,"column":38},"end":{"line":20,"column":null}},"9":{"start":{"line":21,"column":4},"end":{"line":21,"column":null}},"10":{"start":{"line":21,"column":31},"end":{"line":21,"column":null}},"11":{"start":{"line":23,"column":14},"end":{"line":23,"column":null}},"12":{"start":{"line":24,"column":4},"end":{"line":24,"column":null}},"13":{"start":{"line":25,"column":4},"end":{"line":25,"column":null}}},"fnMap":{"0":{"name":"(anonymous_6)","decl":{"start":{"line":14,"column":2},"end":{"line":14,"column":14}},"loc":{"start":{"line":14,"column":56},"end":{"line":14,"column":null}}},"1":{"name":"(anonymous_7)","decl":{"start":{"line":16,"column":2},"end":{"line":16,"column":8}},"loc":{"start":{"line":19,"column":4},"end":{"line":26,"column":null}}}},"branchMap":{"0":{"loc":{"start":{"line":20,"column":4},"end":{"line":20,"column":null}},"type":"if","locations":[{"start":{"line":20,"column":4},"end":{"line":20,"column":null}},{"start":{},"end":{}}]},"1":{"loc":{"start":{"line":20,"column":8},"end":{"line":20,"column":36}},"type":"binary-expr","locations":[{"start":{"line":20,"column":8},"end":{"line":20,"column":19}},{"start":{"line":20,"column":23},"end":{"line":20,"column":36}}]},"2":{"loc":{"start":{"line":21,"column":4},"end":{"line":21,"column":null}},"type":"if","locations":[{"start":{"line":21,"column":4},"end":{"line":21,"column":null}},{"start":{},"end":{}}]}},"s":{"0":0,"1":0,"2":0,"3":0,"4":0,"5":0,"6":0,"7":0,"8":0,"9":0,"10":0,"11":0,"12":0,"13":0},"f":{"0":0,"1":0},"b":{"0":[0,0],"1":[0,0],"2":[0,0]}}
,"/Users/mt/Documents/github/bizmarq/mitsumaru-care/src/domain/entities/Project.ts": {"path":"/Users/mt/Documents/github/bizmarq/mitsumaru-care/src/domain/entities/Project.ts","statementMap":{"0":{"start":{"line":1,"column":13},"end":{"line":1,"column":null}},"1":{"start":{"line":3,"column":20},"end":{"line":3,"column":30}},"2":{"start":{"line":4,"column":11},"end":{"line":4,"column":23}},"3":{"start":{"line":5,"column":20},"end":{"line":5,"column":36}},"4":{"start":{"line":6,"column":20},"end":{"line":6,"column":35}},"5":{"start":{"line":8,"column":4},"end":{"line":8,"column":null}},"6":{"start":{"line":8,"column":23},"end":{"line":8,"column":null}},"7":{"start":{"line":12,"column":4},"end":{"line":12,"column":null}},"8":{"start":{"line":12,"column":26},"end":{"line":12,"column":null}},"9":{"start":{"line":13,"column":4},"end":{"line":13,"column":null}}},"fnMap":{"0":{"name":"(anonymous_1)","decl":{"start":{"line":2,"column":2},"end":{"line":2,"column":null}},"loc":{"start":{"line":7,"column":4},"end":{"line":9,"column":null}}},"1":{"name":"(anonymous_2)","decl":{"start":{"line":11,"column":2},"end":{"line":11,"column":9}},"loc":{"start":{"line":11,"column":26},"end":{"line":14,"column":null}}}},"branchMap":{"0":{"loc":{"start":{"line":8,"column":4},"end":{"line":8,"column":null}},"type":"if","locations":[{"start":{"line":8,"column":4},"end":{"line":8,"column":null}},{"start":{},"end":{}}]},"1":{"loc":{"start":{"line":12,"column":4},"end":{"line":12,"column":null}},"type":"if","locations":[{"start":{"line":12,"column":4},"end":{"line":12,"column":null}},{"start":{},"end":{}}]}},"s":{"0":0,"1":0,"2":0,"3":0,"4":0,"5":0,"6":0,"7":0,"8":0,"9":0},"f":{"0":0,"1":0},"b":{"0":[0,0],"1":[0,0]}}
,"/Users/mt/Documents/github/bizmarq/mitsumaru-care/src/infra/prisma/client.ts": {"path":"/Users/mt/Documents/github/bizmarq/mitsumaru-care/src/infra/prisma/client.ts","statementMap":{"0":{"start":{"line":3,"column":13},"end":{"line":3,"column":22}},"1":{"start":{"line":1,"column":29},"end":{"line":1,"column":null}},"2":{"start":{"line":3,"column":22},"end":{"line":3,"column":null}}},"fnMap":{},"branchMap":{},"s":{"0":0,"1":0,"2":0},"f":{},"b":{}}
,"/Users/mt/Documents/github/bizmarq/mitsumaru-care/src/lib/supabase.ts": {"path":"/Users/mt/Documents/github/bizmarq/mitsumaru-care/src/lib/supabase.ts","statementMap":{"0":{"start":{"line":9,"column":13},"end":{"line":9,"column":39}},"1":{"start":{"line":6,"column":13},"end":{"line":6,"column":21}},"2":{"start":{"line":1,"column":29},"end":{"line":1,"column":null}},"3":{"start":{"line":3,"column":20},"end":{"line":3,"column":56}},"4":{"start":{"line":4,"column":24},"end":{"line":4,"column":65}},"5":{"start":{"line":6,"column":24},"end":{"line":6,"column":null}},"6":{"start":{"line":9,"column":42},"end":{"line":19,"column":null}},"7":{"start":{"line":10,"column":22},"end":{"line":10,"column":46}},"8":{"start":{"line":11,"column":33},"end":{"line":11,"column":70}},"9":{"start":{"line":13,"column":2},"end":{"line":18,"column":null}}},"fnMap":{"0":{"name":"(anonymous_3)","decl":{"start":{"line":9,"column":42},"end":{"line":9,"column":null}},"loc":{"start":{"line":9,"column":42},"end":{"line":19,"column":null}}}},"branchMap":{},"s":{"0":0,"1":0,"2":0,"3":0,"4":0,"5":0,"6":0,"7":0,"8":0,"9":0},"f":{"0":0},"b":{}}
,"/Users/mt/Documents/github/bizmarq/mitsumaru-care/src/server/trpc/context.ts": {"path":"/Users/mt/Documents/github/bizmarq/mitsumaru-care/src/server/trpc/context.ts","statementMap":{"0":{"start":{"line":7,"column":13},"end":{"line":7,"column":29}},"1":{"start":{"line":1,"column":29},"end":{"line":1,"column":null}},"2":{"start":{"line":2,"column":43},"end":{"line":2,"column":null}},"3":{"start":{"line":5,"column":15},"end":{"line":5,"column":null}},"4":{"start":{"line":7,"column":29},"end":{"line":19,"column":null}},"5":{"start":{"line":8,"column":23},"end":{"line":8,"column":null}},"6":{"start":{"line":11,"column":19},"end":{"line":11,"column":null}},"7":{"start":{"line":13,"column":2},"end":{"line":18,"column":null}}},"fnMap":{"0":{"name":"(anonymous_1)","decl":{"start":{"line":7,"column":29},"end":{"line":7,"column":36}},"loc":{"start":{"line":7,"column":36},"end":{"line":19,"column":null}}}},"branchMap":{},"s":{"0":0,"1":0,"2":0,"3":0,"4":0,"5":0,"6":0,"7":0},"f":{"0":0},"b":{}}
,"/Users/mt/Documents/github/bizmarq/mitsumaru-care/src/server/trpc/trpc.ts": {"path":"/Users/mt/Documents/github/bizmarq/mitsumaru-care/src/server/trpc/trpc.ts","statementMap":{"0":{"start":{"line":22,"column":13},"end":{"line":22,"column":23}},"1":{"start":{"line":23,"column":9},"end":{"line":23,"column":10}},"2":{"start":{"line":1,"column":25},"end":{"line":1,"column":null}},"3":{"start":{"line":4,"column":10},"end":{"line":8,"column":null}},"4":{"start":{"line":6,"column":4},"end":{"line":6,"column":null}},"5":{"start":{"line":11,"column":17},"end":{"line":20,"column":null}},"6":{"start":{"line":14,"column":2},"end":{"line":19,"column":null}},"7":{"start":{"line":22,"column":26},"end":{"line":22,"column":null}}},"fnMap":{"0":{"name":"(anonymous_3)","decl":{"start":{"line":5,"column":2},"end":{"line":5,"column":17}},"loc":{"start":{"line":5,"column":26},"end":{"line":7,"column":null}}},"1":{"name":"(anonymous_4)","decl":{"start":{"line":11,"column":30},"end":{"line":11,"column":31}},"loc":{"start":{"line":11,"column":44},"end":{"line":20,"column":null}}}},"branchMap":{},"s":{"0":0,"1":0,"2":0,"3":0,"4":0,"5":0,"6":0,"7":0},"f":{"0":0,"1":0},"b":{}}
,"/Users/mt/Documents/github/bizmarq/mitsumaru-care/src/server/trpc/middleware/auth.ts": {"path":"/Users/mt/Documents/github/bizmarq/mitsumaru-care/src/server/trpc/middleware/auth.ts","statementMap":{"0":{"start":{"line":25,"column":13},"end":{"line":25,"column":27}},"1":{"start":{"line":11,"column":13},"end":{"line":11,"column":31}},"2":{"start":{"line":8,"column":13},"end":{"line":8,"column":28}},"3":{"start":{"line":7,"column":13},"end":{"line":7,"column":19}},"4":{"start":{"line":1,"column":25},"end":{"line":1,"column":null}},"5":{"start":{"line":4,"column":10},"end":{"line":4,"column":null}},"6":{"start":{"line":7,"column":22},"end":{"line":7,"column":30}},"7":{"start":{"line":8,"column":31},"end":{"line":8,"column":42}},"8":{"start":{"line":11,"column":34},"end":{"line":21,"column":null}},"9":{"start":{"line":15,"column":4},"end":{"line":20,"column":null}},"10":{"start":{"line":25,"column":30},"end":{"line":35,"column":null}},"11":{"start":{"line":29,"column":4},"end":{"line":34,"column":null}}},"fnMap":{"0":{"name":"(anonymous_5)","decl":{"start":{"line":12,"column":15},"end":{"line":12,"column":22}},"loc":{"start":{"line":12,"column":35},"end":{"line":21,"column":null}}},"1":{"name":"(anonymous_6)","decl":{"start":{"line":26,"column":15},"end":{"line":26,"column":22}},"loc":{"start":{"line":26,"column":35},"end":{"line":35,"column":null}}}},"branchMap":{},"s":{"0":0,"1":0,"2":0,"3":0,"4":0,"5":0,"6":0,"7":0,"8":0,"9":0,"10":0,"11":0},"f":{"0":0,"1":0},"b":{}}
,"/Users/mt/Documents/github/bizmarq/mitsumaru-care/src/server/trpc/routers/index.ts": {"path":"/Users/mt/Documents/github/bizmarq/mitsumaru-care/src/server/trpc/routers/index.ts","statementMap":{"0":{"start":{"line":4,"column":13},"end":{"line":4,"column":25}},"1":{"start":{"line":1,"column":40},"end":{"line":1,"column":null}},"2":{"start":{"line":4,"column":25},"end":{"line":14,"column":null}},"3":{"start":{"line":7,"column":6},"end":{"line":11,"column":null}}},"fnMap":{"0":{"name":"(anonymous_1)","decl":{"start":{"line":6,"column":33},"end":{"line":6,"column":null}},"loc":{"start":{"line":6,"column":33},"end":{"line":12,"column":null}}}},"branchMap":{},"s":{"0":0,"1":0,"2":0,"3":0},"f":{"0":0},"b":{}}
,"/Users/mt/Documents/github/bizmarq/mitsumaru-care/src/shared/yupInput.ts": {"path":"/Users/mt/Documents/github/bizmarq/mitsumaru-care/src/shared/yupInput.ts","statementMap":{"0":{"start":{"line":3,"column":13},"end":{"line":3,"column":null}},"1":{"start":{"line":4,"column":2},"end":{"line":9,"column":null}},"2":{"start":{"line":5,"column":2},"end":{"line":9,"column":null}},"3":{"start":{"line":7,"column":14},"end":{"line":7,"column":null}},"4":{"start":{"line":8,"column":4},"end":{"line":8,"column":null}}},"fnMap":{"0":{"name":"(anonymous_1)","decl":{"start":{"line":4,"column":2},"end":{"line":4,"column":24}},"loc":{"start":{"line":5,"column":2},"end":{"line":9,"column":null}}},"1":{"name":"(anonymous_2)","decl":{"start":{"line":5,"column":2},"end":{"line":5,"column":9}},"loc":{"start":{"line":5,"column":9},"end":{"line":9,"column":null}}}},"branchMap":{},"s":{"0":0,"1":0,"2":0,"3":0,"4":0},"f":{"0":0,"1":0},"b":{}}
}
