TN:
SF:src/app/providers.tsx
FN:11,Providers
FN:12,(anonymous_4)
FN:13,(anonymous_5)
FNF:3
FNH:0
FNDA:0,Providers
FNDA:0,(anonymous_4)
FNDA:0,(anonymous_5)
DA:3,0
DA:4,0
DA:5,0
DA:6,0
DA:9,0
DA:11,0
DA:12,0
DA:13,0
DA:14,0
LF:9
LH:0
BRF:0
BRH:0
end_of_record
TN:
SF:src/app/api/trpc/[trpc]/route.ts
FN:7,(anonymous_4)
FN:12,(anonymous_5)
FNF:2
FNH:0
FNDA:0,(anonymous_4)
FNDA:0,(anonymous_5)
DA:1,0
DA:2,0
DA:3,0
DA:5,0
DA:7,0
DA:8,0
DA:14,0
DA:21,0
LF:8
LH:0
BRF:0
BRH:0
end_of_record
TN:
SF:src/application/usecases/project/CreateProject.ts
FN:14,(anonymous_6)
FN:16,(anonymous_7)
FNF:2
FNH:0
FNDA:0,(anonymous_6)
FNDA:0,(anonymous_7)
DA:1,0
DA:2,0
DA:4,0
DA:6,0
DA:13,0
DA:14,0
DA:20,0
DA:21,0
DA:23,0
DA:24,0
DA:25,0
LF:11
LH:0
BRDA:20,0,0,0
BRDA:20,0,1,0
BRDA:20,1,0,0
BRDA:20,1,1,0
BRDA:21,2,0,0
BRDA:21,2,1,0
BRF:6
BRH:0
end_of_record
TN:
SF:src/domain/entities/Project.ts
FN:2,(anonymous_1)
FN:11,(anonymous_2)
FNF:2
FNH:0
FNDA:0,(anonymous_1)
FNDA:0,(anonymous_2)
DA:1,0
DA:3,0
DA:4,0
DA:5,0
DA:6,0
DA:8,0
DA:12,0
DA:13,0
LF:8
LH:0
BRDA:8,0,0,0
BRDA:8,0,1,0
BRDA:12,1,0,0
BRDA:12,1,1,0
BRF:4
BRH:0
end_of_record
TN:
SF:src/infra/prisma/client.ts
FNF:0
FNH:0
DA:1,0
DA:3,0
LF:2
LH:0
BRF:0
BRH:0
end_of_record
TN:
SF:src/lib/supabase.ts
FN:9,(anonymous_3)
FNF:1
FNH:0
FNDA:0,(anonymous_3)
DA:1,0
DA:3,0
DA:4,0
DA:6,0
DA:9,0
DA:10,0
DA:11,0
DA:13,0
LF:8
LH:0
BRF:0
BRH:0
end_of_record
TN:
SF:src/server/trpc/context.ts
FN:7,(anonymous_1)
FNF:1
FNH:0
FNDA:0,(anonymous_1)
DA:1,0
DA:2,0
DA:5,0
DA:7,0
DA:8,0
DA:11,0
DA:13,0
LF:7
LH:0
BRF:0
BRH:0
end_of_record
TN:
SF:src/server/trpc/trpc.ts
FN:5,(anonymous_3)
FN:11,(anonymous_4)
FNF:2
FNH:0
FNDA:0,(anonymous_3)
FNDA:0,(anonymous_4)
DA:1,0
DA:4,0
DA:6,0
DA:11,0
DA:14,0
DA:22,0
DA:23,0
LF:7
LH:0
BRF:0
BRH:0
end_of_record
TN:
SF:src/server/trpc/middleware/auth.ts
FN:12,(anonymous_5)
FN:26,(anonymous_6)
FNF:2
FNH:0
FNDA:0,(anonymous_5)
FNDA:0,(anonymous_6)
DA:1,0
DA:4,0
DA:7,0
DA:8,0
DA:11,0
DA:15,0
DA:25,0
DA:29,0
LF:8
LH:0
BRF:0
BRH:0
end_of_record
TN:
SF:src/server/trpc/routers/index.ts
FN:6,(anonymous_1)
FNF:1
FNH:0
FNDA:0,(anonymous_1)
DA:1,0
DA:4,0
DA:7,0
LF:3
LH:0
BRF:0
BRH:0
end_of_record
TN:
SF:src/shared/yupInput.ts
FN:4,(anonymous_1)
FN:5,(anonymous_2)
FNF:2
FNH:0
FNDA:0,(anonymous_1)
FNDA:0,(anonymous_2)
DA:3,0
DA:4,0
DA:5,0
DA:7,0
DA:8,0
LF:5
LH:0
BRF:0
BRH:0
end_of_record
